<?xml version="1.0" encoding="UTF-8"?>
<testng-results ignored="0" total="1" passed="1" failed="0" skipped="0">
  <reporter-output>
  </reporter-output>
  <suite started-at="2022-08-05T17:20:15 IST" name="Default suite" finished-at="2022-08-05T17:20:56 IST" duration-ms="41238">
    <groups>
    </groups>
    <test started-at="2022-08-05T17:20:15 IST" name="Default test" finished-at="2022-08-05T17:20:56 IST" duration-ms="41238">
      <class name="org.adactin.testNg.adactin_pom_runnerclass">
        <test-method is-config="true" signature="login()[pri:0, instance:org.adactin.testNg.adactin_pom_runnerclass@460b6d54]" started-at="2022-08-05T17:20:15 IST" name="login" finished-at="2022-08-05T17:20:41 IST" duration-ms="26245" status="PASS">
          <reporter-output>
          </reporter-output>
        </test-method> <!-- login -->
        <test-method signature="Adactin_hotel()[pri:0, instance:org.adactin.testNg.adactin_pom_runnerclass@460b6d54]" started-at="2022-08-05T17:20:41 IST" name="Adactin_hotel" finished-at="2022-08-05T17:20:55 IST" duration-ms="13425" status="PASS">
          <reporter-output>
          </reporter-output>
        </test-method> <!-- Adactin_hotel -->
        <test-method is-config="true" signature="logout()[pri:0, instance:org.adactin.testNg.adactin_pom_runnerclass@460b6d54]" started-at="2022-08-05T17:20:55 IST" name="logout" finished-at="2022-08-05T17:20:56 IST" duration-ms="1394" status="PASS">
          <reporter-output>
          </reporter-output>
        </test-method> <!-- logout -->
      </class> <!-- org.adactin.testNg.adactin_pom_runnerclass -->
    </test> <!-- Default test -->
  </suite> <!-- Default suite -->
</testng-results>
